[20:20:03] [User Authenticator #64/INFO]: UUID of player Kulterud is f7cd0880-a921-47bc-960e-15b74527438b
[20:20:04] [Server thread/INFO]: Kulterud[/80.212.43.155:50250] logged in with entity id 2261638 at (-8.615568098243974, 66.0, 431.90840685743353)
[20:20:04] [Server thread/INFO]: Kulterud joined the game
[20:40:34] [User Authenticator #65/INFO]: UUID of player SQUIGGLE_FACE is ba16ef81-c7ea-4fe3-98e0-ba4db8e11158
[20:40:34] [Server thread/INFO]: SQUIGGLE_FACE[/95.169.41.232:49734] logged in with entity id 2282323 at (557.2437657053623, 76.0, 346.30000001192093)
[20:40:34] [Server thread/INFO]: SQUIGGLE_FACE joined the game
[20:42:47] [Server thread/INFO]: SQUIGGLE_FACE has just earned the achievement [We Need to Go Deeper]
[20:43:51] [Server thread/WARN]: Can't keep up! Did the system time change, or is the server overloaded? Running 2402ms behind, skipping 48 tick(s)
[20:45:00] [Server thread/WARN]: Can't keep up! Did the system time change, or is the server overloaded? Running 2852ms behind, skipping 57 tick(s)
[20:46:07] [Server thread/WARN]: Can't keep up! Did the system time change, or is the server overloaded? Running 2851ms behind, skipping 57 tick(s)
[20:58:43] [Server thread/WARN]: Can't keep up! Did the system time change, or is the server overloaded? Running 6222ms behind, skipping 124 tick(s)
[21:04:37] [Server thread/WARN]: Can't keep up! Did the system time change, or is the server overloaded? Running 2153ms behind, skipping 43 tick(s)
[21:12:10] [Server thread/INFO]: Kulterud lost connection: TextComponent{text='Disconnected', siblings=[], style=Style{hasParent=false, color=null, bold=null, italic=null, underlined=null, obfuscated=null, clickEvent=null, hoverEvent=null, insertion=null}}
[21:12:10] [Server thread/INFO]: Kulterud left the game
[21:12:13] [Server thread/INFO]: SQUIGGLE_FACE lost connection: TextComponent{text='Disconnected', siblings=[], style=Style{hasParent=false, color=null, bold=null, italic=null, underlined=null, obfuscated=null, clickEvent=null, hoverEvent=null, insertion=null}}
[21:12:13] [Server thread/INFO]: SQUIGGLE_FACE left the game
[21:39:59] [User Authenticator #66/INFO]: UUID of player fuglseten is 2c10347e-39f6-4aef-a2a6-58ad11e6f438
[21:39:59] [Server thread/INFO]: fuglseten[/109.247.93.32:49952] logged in with entity id 2345139 at (-8.62070022797463, 66.0, 431.0636977467269)
[21:39:59] [Server thread/INFO]: fuglseten joined the game
[21:50:40] [User Authenticator #67/INFO]: UUID of player Netherlord is 6accd8a5-a644-46d1-b6bf-2bed5cb58364
[21:50:41] [Server thread/INFO]: Netherlord[/193.71.123.252:45827] logged in with entity id 2353713 at (-0.8862913315743166, 66.0, 434.35483747253676)
[21:50:41] [Server thread/INFO]: Netherlord joined the game
[21:51:01] [Server thread/INFO]: <fuglseten> sabotasje p? h?ytniv?
[21:51:33] [Server thread/INFO]: <Netherlord> hele huset til Kriss er fullt av vann
[21:51:43] [Server thread/INFO]: <fuglseten> hvem har gjort det?
[21:53:59] [Server thread/INFO]: <fuglseten> er du der?
[21:54:02] [Server thread/INFO]: <Netherlord> ja
[21:54:14] [Server thread/INFO]: <fuglseten> vet du hvem som kan ha gjort det?
[21:54:23] [Server thread/INFO]: <Netherlord> pr?ver ? f? tak i Wessel
[21:54:39] [User Authenticator #68/INFO]: UUID of player TaztyOst is 245d86ca-7458-45d2-8c6b-7a2c723f7844
[21:54:39] [Server thread/INFO]: TaztyOst[/109.247.93.32:49423] logged in with entity id 2356885 at (3.699999988079065, 71.0, 466.07090618094117)
[21:54:39] [Server thread/INFO]: TaztyOst joined the game
[21:54:46] [Server thread/INFO]: TaztyOst lost connection: TextComponent{text='Disconnected', siblings=[], style=Style{hasParent=false, color=null, bold=null, italic=null, underlined=null, obfuscated=null, clickEvent=null, hoverEvent=null, insertion=null}}
[21:54:46] [Server thread/INFO]: TaztyOst left the game
[21:57:40] [User Authenticator #69/INFO]: UUID of player TaztyOst is 245d86ca-7458-45d2-8c6b-7a2c723f7844
[21:57:40] [Server thread/INFO]: TaztyOst[/109.247.93.32:49443] logged in with entity id 2360787 at (3.699999988079071, 70.0, 465.70071811128065)
[21:57:40] [Server thread/INFO]: TaztyOst joined the game
[21:57:46] [Server thread/INFO]: TaztyOst lost connection: TextComponent{text='Disconnected', siblings=[], style=Style{hasParent=false, color=null, bold=null, italic=null, underlined=null, obfuscated=null, clickEvent=null, hoverEvent=null, insertion=null}}
[21:57:46] [Server thread/INFO]: TaztyOst left the game
[21:57:59] [Server thread/INFO]: <fuglseten> hele l?ven ogs?
[21:58:58] [User Authenticator #70/INFO]: UUID of player TaztyOst is 245d86ca-7458-45d2-8c6b-7a2c723f7844
[21:58:58] [Server thread/INFO]: TaztyOst[/109.247.93.32:49452] logged in with entity id 2362483 at (3.699999988079071, 69.0, 466.30000001192093)
[21:58:58] [Server thread/INFO]: TaztyOst joined the game
[21:58:59] [Server thread/INFO]: <fuglseten> har du f?tt tak i wessel?
[21:59:11] [Server thread/INFO]: <Netherlord> ikke enda
[21:59:33] [Server thread/INFO]: <TaztyOst> hvor er jeg?
[21:59:53] [Server thread/INFO]: <Netherlord> du er under huset ditt
[22:00:01] [Server thread/INFO]: <TaztyOst> hmm, rart
[22:00:39] [Server thread/INFO]: TaztyOst has just earned the achievement [Acquire Hardware]
[22:00:47] [Server thread/WARN]: Netherlord moved wrongly!
[22:00:56] [Server thread/INFO]: <TaztyOst> hvem har v?rt p? i dag da?
[22:01:01] [Server thread/INFO]: <Netherlord> vet ikke
[22:01:18] [Server thread/INFO]: <TaztyOst> kan wes se det?
[22:01:23] [Server thread/INFO]: <Netherlord> ja
[22:01:36] [Server thread/INFO]: <TaztyOst> good
[22:06:57] [Server thread/INFO]: <TaztyOst> detta var meningsl?st gjort
[22:09:45] [Server thread/INFO]: <TaztyOst> mer seed?
[22:10:55] [Server thread/INFO]: <TaztyOst> her alex
[22:12:36] [Server thread/INFO]: <Netherlord> det er mange zombier under plassen her
[22:12:45] [Server thread/INFO]: <TaztyOst> gruva?
[22:12:57] [Server thread/INFO]: <fuglseten> m? ut med lady... bra innsats. Kommer tilbake om cika kvarte
[22:12:59] [Server thread/INFO]: fuglseten lost connection: TextComponent{text='Disconnected', siblings=[], style=Style{hasParent=false, color=null, bold=null, italic=null, underlined=null, obfuscated=null, clickEvent=null, hoverEvent=null, insertion=null}}
[22:12:59] [Server thread/INFO]: fuglseten left the game
[22:13:12] [Server thread/INFO]: <Netherlord> nei
[22:13:15] [Server thread/INFO]: <Netherlord> ikker her
[22:13:18] [Server thread/INFO]: <Netherlord> ikke*
[22:13:46] [Server thread/INFO]: <Netherlord> hmm
[22:14:29] [Server thread/INFO]: <Netherlord> tja
[22:14:36] [Server thread/INFO]: <TaztyOst> ser bra ut n?
[22:14:40] [Server thread/INFO]: <Netherlord> jeg har noe tysk jeg m? f? gjort f?r imorgen
[22:14:55] [Server thread/INFO]: <TaztyOst> jeg f?r nesten vaske gullv ? s? :P?
[22:15:02] [Server thread/INFO]: <TaztyOst> med en l
[22:15:06] [Server thread/INFO]: <Netherlord> h?res g?y up
[22:15:11] [Server thread/INFO]: <Netherlord> ut*
[22:15:16] [Server thread/INFO]: <TaztyOst> alltis
[22:15:20] [Server thread/INFO]: <TaztyOst> alltid
[22:15:27] [Server thread/INFO]: <Netherlord> masse trykkleif her
[22:15:50] [Server thread/INFO]: <TaztyOst> er ikke vaant til ? skrive p? detta tastaturet
[22:15:54] [Server thread/INFO]: <TaztyOst> med en a
[22:16:15] [Server thread/INFO]: <Netherlord> hehe
[22:16:17] [Server thread/INFO]: <Netherlord> se her
[22:16:22] [Server thread/INFO]: <TaztyOst> og litt wot da
[22:16:51] [Server thread/INFO]: <TaztyOst> denna nar ikke s? smal sist?
[22:17:00] [Server thread/INFO]: <Netherlord> ikke?
[22:17:12] [Server thread/INFO]: <TaztyOst> var jo ro blocker vid? var den ikke?
[22:17:25] [Server thread/INFO]: <Netherlord> tror du tenkter p? en annen side
[22:17:57] [Server thread/INFO]: <TaztyOst> nei, den var jo to blocker rundt hele
[22:19:22] [Server thread/INFO]: <TaztyOst> m? stikke jeg da
[22:19:25] [Server thread/INFO]: <Netherlord> snx
[22:19:27] [Server thread/INFO]: <TaztyOst> snakkes :)(
[22:19:31] [Server thread/INFO]: TaztyOst lost connection: TextComponent{text='Disconnected', siblings=[], style=Style{hasParent=false, color=null, bold=null, italic=null, underlined=null, obfuscated=null, clickEvent=null, hoverEvent=null, insertion=null}}
[22:19:31] [Server thread/INFO]: TaztyOst left the game
[22:19:31] [Server thread/INFO]: Netherlord lost connection: TextComponent{text='Disconnected', siblings=[], style=Style{hasParent=false, color=null, bold=null, italic=null, underlined=null, obfuscated=null, clickEvent=null, hoverEvent=null, insertion=null}}
[22:19:31] [Server thread/INFO]: Netherlord left the game
[22:25:19] [User Authenticator #71/INFO]: UUID of player fuglseten is 2c10347e-39f6-4aef-a2a6-58ad11e6f438
[22:25:19] [Server thread/INFO]: fuglseten[/109.247.93.32:56807] logged in with entity id 2383977 at (-26.18072424539866, 66.0, 425.78672737401615)
[22:25:19] [Server thread/INFO]: fuglseten joined the game
[22:30:05] [Server thread/WARN]: fuglseten moved wrongly!
[22:46:22] [User Authenticator #72/INFO]: UUID of player Netherlord is 6accd8a5-a644-46d1-b6bf-2bed5cb58364
[22:46:22] [Server thread/INFO]: Netherlord[/193.71.123.252:48431] logged in with entity id 2402247 at (3.554224320727352, 67.0, 442.04326983368446)
[22:46:22] [Server thread/INFO]: Netherlord joined the game
[22:46:36] [Server thread/INFO]: <fuglseten> finni det ut?
[22:47:14] [Server thread/INFO]: <Netherlord> Wes sa at det kom til ? ta han masse tid ? finne det ut, og siden vi ryddet det opp s? fort gadd han
[22:47:16] [Server thread/INFO]: <Netherlord> det ikke
[22:47:36] [Server thread/INFO]: <fuglseten> kjipt...
[22:47:45] [Server thread/INFO]: <Netherlord> men om noe lignende skjer igjen kommer han sikkert til ? gj?re noe
[22:47:55] [Server thread/INFO]: <Netherlord> fikk gjort ferdig tyskleksa
[22:48:09] [Server thread/INFO]: <fuglseten> h?per ikke det skjer igjen... skikkelig dustete gjort
[22:48:14] [Server thread/INFO]: <Netherlord> jupp
[22:48:27] [Server thread/INFO]: <fuglseten> sikkert en av de sm?gutta som har finni den
[22:48:43] [Server thread/INFO]: <Netherlord> skaffet noen b?ker?
[22:48:52] [Server thread/INFO]: <fuglseten> ja i en av kistene
[22:54:58] [Server thread/INFO]: fuglseten tried to swim in lava
[22:55:03] [Server thread/INFO]: <Netherlord> nice
[22:55:03] [Server thread/INFO]: <fuglseten> dritt
[22:55:19] [Server thread/INFO]: <fuglseten> mista masse... skulle bare flytte netherportalen
[22:58:39] [Server thread/INFO]: <Netherlord> oooo
[22:58:45] [Server thread/INFO]: <fuglseten> ?
[22:58:48] [Server thread/INFO]: <Netherlord> vi kan kj?pe experience av han fyren her
[22:58:58] [Server thread/INFO]: <fuglseten> hvor?
[22:59:03] [Server thread/INFO]: <Netherlord> han i kjelleren
[22:59:47] [Server thread/INFO]: <fuglseten> neeeeiii.... mista 24 experience
[22:59:53] [Server thread/INFO]: <Netherlord> levler?
[22:59:57] [Server thread/INFO]: <fuglseten> ja
[23:00:05] [Server thread/INFO]: <Netherlord> hyggelig det da
[23:01:30] [Server thread/INFO]: <fuglseten> det der blir sikkert stjelt
[23:01:30] [Server thread/INFO]: <Netherlord> se her
[23:01:52] [Server thread/INFO]: <fuglseten> skal du bare ha det der?
[23:02:02] [Server thread/INFO]: <Netherlord> ja
[23:02:09] [Server thread/INFO]: <fuglseten> det blir jo stjelt
[23:02:10] [Server thread/INFO]: <Netherlord> dere kan bare bruke det alts?
[23:02:32] [Server thread/INFO]: <fuglseten> men jeg tror de som saboterte kom seg hit via nether
[23:02:39] [Server thread/INFO]: <Netherlord> Vi kunne laget en enderchest
[23:03:01] [Server thread/INFO]: <fuglseten> g?r det an ? lage en som 3 har tilgang til?
[23:03:07] [Server thread/INFO]: <Netherlord> nei
[23:03:12] [Server thread/INFO]: <Netherlord> ikke uten mods
[23:03:16] [Server thread/INFO]: <fuglseten> nettopp
[23:04:45] [Server thread/INFO]: <Netherlord> men jeg tror jeg legger meg n?
[23:04:50] [Server thread/INFO]: <Netherlord> har skole i morgen vet du
[23:04:51] [Server thread/INFO]: <fuglseten> ok god natt
[23:04:55] [Server thread/INFO]: <Netherlord> god natt
[23:04:57] [Server thread/INFO]: fuglseten lost connection: TextComponent{text='Disconnected', siblings=[], style=Style{hasParent=false, color=null, bold=null, italic=null, underlined=null, obfuscated=null, clickEvent=null, hoverEvent=null, insertion=null}}
[23:04:57] [Server thread/INFO]: fuglseten left the game
[23:04:58] [Server thread/INFO]: Netherlord lost connection: TextComponent{text='Disconnected', siblings=[], style=Style{hasParent=false, color=null, bold=null, italic=null, underlined=null, obfuscated=null, clickEvent=null, hoverEvent=null, insertion=null}}
[23:04:58] [Server thread/INFO]: Netherlord left the game
[23:25:03] [User Authenticator #73/INFO]: UUID of player Kulterud is f7cd0880-a921-47bc-960e-15b74527438b
[23:25:03] [Server thread/INFO]: Kulterud[/80.212.43.155:50746] logged in with entity id 2423039 at (-2.4244622559003557, 66.0, 426.6735168702155)
[23:25:03] [Server thread/INFO]: Kulterud joined the game
[23:26:12] [Server thread/INFO]: Kulterud lost connection: TextComponent{text='Disconnected', siblings=[], style=Style{hasParent=false, color=null, bold=null, italic=null, underlined=null, obfuscated=null, clickEvent=null, hoverEvent=null, insertion=null}}
[23:26:12] [Server thread/INFO]: Kulterud left the game
