[20:20:04] Kulterud joined UUID: f7cd0880-a921-47bc-960e-15b74527438b
[20:40:34] SQUIGGLE_FACE joined UUID: ba16ef81-c7ea-4fe3-98e0-ba4db8e11158
[21:12:10] Kulterud left
[21:12:13] SQUIGGLE_FACE left
[21:39:59] fuglseten joined UUID: 2c10347e-39f6-4aef-a2a6-58ad11e6f438
[21:50:41] Netherlord joined UUID: 6accd8a5-a644-46d1-b6bf-2bed5cb58364
[21:54:39] TaztyOst joined UUID: 245d86ca-7458-45d2-8c6b-7a2c723f7844
[21:54:46] TaztyOst left
[21:57:40] TaztyOst joined UUID: 245d86ca-7458-45d2-8c6b-7a2c723f7844
[21:57:46] TaztyOst left
[21:58:58] TaztyOst joined UUID: 245d86ca-7458-45d2-8c6b-7a2c723f7844
[22:12:59] fuglseten left
[22:19:31] TaztyOst left
[22:19:31] Netherlord left
[22:25:19] fuglseten joined UUID: 2c10347e-39f6-4aef-a2a6-58ad11e6f438
[22:46:22] Netherlord joined UUID: 6accd8a5-a644-46d1-b6bf-2bed5cb58364
[23:04:57] fuglseten left
[23:04:58] Netherlord left
[23:25:03] Kulterud joined UUID: f7cd0880-a921-47bc-960e-15b74527438b
[23:26:12] Kulterud left

                |00:00|01:00|02:00|03:00|04:00|05:00|06:00|07:00|08:00|09:00|10:00|11:00|12:00|13:00|14:00|15:00|16:00|17:00|18:00|19:00|20:00|21:00|22:00|23:00|
     Fuglseten |                                                                                                                                 1--- 2---      |
      Kulterud |                                                                                                                          1----             2   |
    Netherlord |                                                                                                                                   1-   2-      |
 SQUIGGLE_FACE |                                                                                                                            1--                 |
      TaztyOst |                                                                                                                                   13           |
